10/08/2013 12:14:42 p.m. Lazarith tiró al piso al morir 99 Hacha de leña Elfica Mapa: 44 X: 48 Y: 56
10/08/2013 12:14:42 p.m. Lazarith tiró al piso al morir 100 Espada Mata Dragones Mapa: 44 X: 49 Y: 55
10/08/2013 12:14:42 p.m. Lazarith tiró al piso al morir 100 Alifafe de Pirata (E/G) Mapa: 44 X: 50 Y: 56
10/08/2013 12:14:42 p.m. Lazarith tiró al piso al morir 100 Traje de Capitán Pirata (E/G) Mapa: 44 X: 49 Y: 57
10/08/2013 12:14:42 p.m. Lazarith tiró al piso al morir 92 Anillo Mágico Mapa: 44 X: 47 Y: 56
10/08/2013 12:14:46 p.m. Lazarith juntó del piso 99 Hacha de leña Elfica Mapa: 44 X: 48 Y: 56
10/08/2013 12:14:47 p.m. Lazarith juntó del piso 100 Espada Mata Dragones Mapa: 44 X: 49 Y: 55
10/08/2013 12:14:48 p.m. Lazarith juntó del piso 100 Alifafe de Pirata (E/G) Mapa: 44 X: 50 Y: 56
10/08/2013 12:14:48 p.m. Lazarith juntó del piso 100 Traje de Capitán Pirata (E/G) Mapa: 44 X: 49 Y: 57
10/08/2013 12:14:50 p.m. Lazarith juntó del piso 92 Anillo Mágico Mapa: 44 X: 47 Y: 56
10/08/2013 12:15:31 p.m. Lazarith juntó del piso 100 Ropa de Campesino Mapa: 44 X: 47 Y: 55
15/08/2013 10:29:49 p.m. Lazarith tiró al piso 100 Ropa de Campesino Mapa: 62 X: 42 Y: 37
15/08/2013 10:54:07 p.m. Lazarith tiró al piso al morir 99 Hacha de leña Elfica Mapa: 62 X: 60 Y: 20
15/08/2013 10:54:07 p.m. Lazarith tiró al piso al morir 100 Espada Mata Dragones Mapa: 62 X: 61 Y: 19
15/08/2013 10:54:07 p.m. Lazarith tiró al piso al morir 100 Alifafe de Pirata (E/G) Mapa: 62 X: 62 Y: 20
15/08/2013 10:54:07 p.m. Lazarith tiró al piso al morir 100 Traje de Capitán Pirata (E/G) Mapa: 62 X: 61 Y: 21
15/08/2013 10:54:07 p.m. Lazarith tiró al piso al morir 92 Anillo Mágico Mapa: 62 X: 59 Y: 20
15/08/2013 10:54:11 p.m. Lazarith juntó del piso 100 Alifafe de Pirata (E/G) Mapa: 62 X: 62 Y: 20
15/08/2013 10:54:12 p.m. Lazarith juntó del piso 100 Traje de Capitán Pirata (E/G) Mapa: 62 X: 61 Y: 21
15/08/2013 10:54:13 p.m. Lazarith juntó del piso 99 Hacha de leña Elfica Mapa: 62 X: 60 Y: 20
15/08/2013 10:54:13 p.m. Lazarith juntó del piso 92 Anillo Mágico Mapa: 62 X: 59 Y: 20
15/08/2013 10:54:14 p.m. Lazarith juntó del piso 100 Espada Mata Dragones Mapa: 62 X: 61 Y: 19
18/08/2013 09:39:08 p.m. Lazarith tiró al piso al morir 100 Alifafe de Pirata (E/G) Mapa: 3 X: 37 Y: 32
18/08/2013 09:39:08 p.m. Lazarith tiró al piso al morir 100 Traje de Capitán Pirata (E/G) Mapa: 3 X: 38 Y: 31
18/08/2013 09:39:08 p.m. Lazarith tiró al piso al morir 99 Hacha de leña Elfica Mapa: 3 X: 39 Y: 32
18/08/2013 09:39:08 p.m. Lazarith tiró al piso al morir 92 Anillo Mágico Mapa: 3 X: 38 Y: 33
18/08/2013 09:39:08 p.m. Lazarith tiró al piso al morir 100 Espada Mata Dragones Mapa: 3 X: 36 Y: 32
18/08/2013 09:39:11 p.m. Lazarith juntó del piso 100 Alifafe de Pirata (E/G) Mapa: 3 X: 37 Y: 32
18/08/2013 09:39:11 p.m. Lazarith juntó del piso 100 Espada Mata Dragones Mapa: 3 X: 36 Y: 32
18/08/2013 09:39:12 p.m. Lazarith juntó del piso 92 Anillo Mágico Mapa: 3 X: 38 Y: 33
18/08/2013 09:39:13 p.m. Lazarith juntó del piso 99 Hacha de leña Elfica Mapa: 3 X: 39 Y: 32
18/08/2013 09:39:13 p.m. Lazarith juntó del piso 100 Traje de Capitán Pirata (E/G) Mapa: 3 X: 38 Y: 31
18/08/2013 09:41:02 p.m. Lazarith tiró al piso 100 Traje de Noble (E/G) Mapa: 1 X: 45 Y: 72
